2024-07-19 07:51:03,425 [Worker-2: Loading available Gradle versions] INFO  o.e.b.c.i.u.g.PublishedGradleVersions - Gradle version information cache is out-of-date. Trying to update.
2024-07-19 07:51:44,252 [Worker-13: Launching mavenrun-961121ce-45c3-49c3-a15e-844efcdcfdc8] INFO  o.eclipse.m2e.core.internal.Bundles - getClasspathEntries(Bundle=org.eclipse.m2e.maven.runtime_3.9.500.20231113-2345 [295])
2024-07-19 07:51:44,254 [Worker-13: Launching mavenrun-961121ce-45c3-49c3-a15e-844efcdcfdc8] INFO  o.eclipse.m2e.core.internal.Bundles - 	Entry: C:\Users\Bhagyashri\.p2\pool\plugins\org.eclipse.m2e.maven.runtime_3.9.500.20231113-2345
2024-07-19 07:51:44,254 [Worker-13: Launching mavenrun-961121ce-45c3-49c3-a15e-844efcdcfdc8] INFO  o.eclipse.m2e.core.internal.Bundles - 	Entry: C:\Users\Bhagyashri\.p2\pool\plugins\org.eclipse.m2e.maven.runtime_3.9.500.20231113-2345\jars\aopalliance-1.0.jar
2024-07-19 07:51:44,256 [Worker-13: Launching mavenrun-961121ce-45c3-49c3-a15e-844efcdcfdc8] INFO  o.eclipse.m2e.core.internal.Bundles - 	Entry: C:\Users\Bhagyashri\.p2\pool\plugins\org.eclipse.m2e.maven.runtime_3.9.500.20231113-2345\jars\guice-5.1.0.jar
2024-07-19 07:51:44,256 [Worker-13: Launching mavenrun-961121ce-45c3-49c3-a15e-844efcdcfdc8] INFO  o.eclipse.m2e.core.internal.Bundles - 	Entry: C:\Users\Bhagyashri\.p2\pool\plugins\org.eclipse.m2e.maven.runtime_3.9.500.20231113-2345\jars\httpclient-4.5.14.jar
2024-07-19 07:51:44,256 [Worker-13: Launching mavenrun-961121ce-45c3-49c3-a15e-844efcdcfdc8] INFO  o.eclipse.m2e.core.internal.Bundles - 	Entry: C:\Users\Bhagyashri\.p2\pool\plugins\org.eclipse.m2e.maven.runtime_3.9.500.20231113-2345\jars\httpcore-4.4.16.jar
2024-07-19 07:51:44,256 [Worker-13: Launching mavenrun-961121ce-45c3-49c3-a15e-844efcdcfdc8] INFO  o.eclipse.m2e.core.internal.Bundles - 	Entry: C:\Users\Bhagyashri\.p2\pool\plugins\org.eclipse.m2e.maven.runtime_3.9.500.20231113-2345\jars\jansi-2.4.0.jar
2024-07-19 07:51:44,257 [Worker-13: Launching mavenrun-961121ce-45c3-49c3-a15e-844efcdcfdc8] INFO  o.eclipse.m2e.core.internal.Bundles - 	Entry: C:\Users\Bhagyashri\.p2\pool\plugins\org.eclipse.m2e.maven.runtime_3.9.500.20231113-2345\jars\jcl-over-slf4j-1.7.36.jar
2024-07-19 07:51:44,257 [Worker-13: Launching mavenrun-961121ce-45c3-49c3-a15e-844efcdcfdc8] INFO  o.eclipse.m2e.core.internal.Bundles - 	Entry: C:\Users\Bhagyashri\.p2\pool\plugins\org.eclipse.m2e.maven.runtime_3.9.500.20231113-2345\jars\maven-artifact-3.9.5.jar
2024-07-19 07:51:44,257 [Worker-13: Launching mavenrun-961121ce-45c3-49c3-a15e-844efcdcfdc8] INFO  o.eclipse.m2e.core.internal.Bundles - 	Entry: C:\Users\Bhagyashri\.p2\pool\plugins\org.eclipse.m2e.maven.runtime_3.9.500.20231113-2345\jars\maven-builder-support-3.9.5.jar
2024-07-19 07:51:44,257 [Worker-13: Launching mavenrun-961121ce-45c3-49c3-a15e-844efcdcfdc8] INFO  o.eclipse.m2e.core.internal.Bundles - 	Entry: C:\Users\Bhagyashri\.p2\pool\plugins\org.eclipse.m2e.maven.runtime_3.9.500.20231113-2345\jars\maven-compat-3.9.5.jar
2024-07-19 07:51:44,257 [Worker-13: Launching mavenrun-961121ce-45c3-49c3-a15e-844efcdcfdc8] INFO  o.eclipse.m2e.core.internal.Bundles - 	Entry: C:\Users\Bhagyashri\.p2\pool\plugins\org.eclipse.m2e.maven.runtime_3.9.500.20231113-2345\jars\maven-core-3.9.5.jar
2024-07-19 07:51:44,257 [Worker-13: Launching mavenrun-961121ce-45c3-49c3-a15e-844efcdcfdc8] INFO  o.eclipse.m2e.core.internal.Bundles - 	Entry: C:\Users\Bhagyashri\.p2\pool\plugins\org.eclipse.m2e.maven.runtime_3.9.500.20231113-2345\jars\maven-embedder-3.9.5.jar
2024-07-19 07:51:44,258 [Worker-13: Launching mavenrun-961121ce-45c3-49c3-a15e-844efcdcfdc8] INFO  o.eclipse.m2e.core.internal.Bundles - 	Entry: C:\Users\Bhagyashri\.p2\pool\plugins\org.eclipse.m2e.maven.runtime_3.9.500.20231113-2345\jars\maven-model-3.9.5.jar
2024-07-19 07:51:44,258 [Worker-13: Launching mavenrun-961121ce-45c3-49c3-a15e-844efcdcfdc8] INFO  o.eclipse.m2e.core.internal.Bundles - 	Entry: C:\Users\Bhagyashri\.p2\pool\plugins\org.eclipse.m2e.maven.runtime_3.9.500.20231113-2345\jars\maven-model-builder-3.9.5.jar
2024-07-19 07:51:44,258 [Worker-13: Launching mavenrun-961121ce-45c3-49c3-a15e-844efcdcfdc8] INFO  o.eclipse.m2e.core.internal.Bundles - 	Entry: C:\Users\Bhagyashri\.p2\pool\plugins\org.eclipse.m2e.maven.runtime_3.9.500.20231113-2345\jars\maven-plugin-api-3.9.5.jar
2024-07-19 07:51:44,258 [Worker-13: Launching mavenrun-961121ce-45c3-49c3-a15e-844efcdcfdc8] INFO  o.eclipse.m2e.core.internal.Bundles - 	Entry: C:\Users\Bhagyashri\.p2\pool\plugins\org.eclipse.m2e.maven.runtime_3.9.500.20231113-2345\jars\maven-repository-metadata-3.9.5.jar
2024-07-19 07:51:44,259 [Worker-13: Launching mavenrun-961121ce-45c3-49c3-a15e-844efcdcfdc8] INFO  o.eclipse.m2e.core.internal.Bundles - 	Entry: C:\Users\Bhagyashri\.p2\pool\plugins\org.eclipse.m2e.maven.runtime_3.9.500.20231113-2345\jars\maven-resolver-api-1.9.16.jar
2024-07-19 07:51:44,259 [Worker-13: Launching mavenrun-961121ce-45c3-49c3-a15e-844efcdcfdc8] INFO  o.eclipse.m2e.core.internal.Bundles - 	Entry: C:\Users\Bhagyashri\.p2\pool\plugins\org.eclipse.m2e.maven.runtime_3.9.500.20231113-2345\jars\maven-resolver-connector-basic-1.9.16.jar
2024-07-19 07:51:44,259 [Worker-13: Launching mavenrun-961121ce-45c3-49c3-a15e-844efcdcfdc8] INFO  o.eclipse.m2e.core.internal.Bundles - 	Entry: C:\Users\Bhagyashri\.p2\pool\plugins\org.eclipse.m2e.maven.runtime_3.9.500.20231113-2345\jars\maven-resolver-impl-1.9.16.jar
2024-07-19 07:51:44,259 [Worker-13: Launching mavenrun-961121ce-45c3-49c3-a15e-844efcdcfdc8] INFO  o.eclipse.m2e.core.internal.Bundles - 	Entry: C:\Users\Bhagyashri\.p2\pool\plugins\org.eclipse.m2e.maven.runtime_3.9.500.20231113-2345\jars\maven-resolver-named-locks-1.9.16.jar
2024-07-19 07:51:44,260 [Worker-13: Launching mavenrun-961121ce-45c3-49c3-a15e-844efcdcfdc8] INFO  o.eclipse.m2e.core.internal.Bundles - 	Entry: C:\Users\Bhagyashri\.p2\pool\plugins\org.eclipse.m2e.maven.runtime_3.9.500.20231113-2345\jars\maven-resolver-provider-3.9.5.jar
2024-07-19 07:51:44,260 [Worker-13: Launching mavenrun-961121ce-45c3-49c3-a15e-844efcdcfdc8] INFO  o.eclipse.m2e.core.internal.Bundles - 	Entry: C:\Users\Bhagyashri\.p2\pool\plugins\org.eclipse.m2e.maven.runtime_3.9.500.20231113-2345\jars\maven-resolver-spi-1.9.16.jar
2024-07-19 07:51:44,260 [Worker-13: Launching mavenrun-961121ce-45c3-49c3-a15e-844efcdcfdc8] INFO  o.eclipse.m2e.core.internal.Bundles - 	Entry: C:\Users\Bhagyashri\.p2\pool\plugins\org.eclipse.m2e.maven.runtime_3.9.500.20231113-2345\jars\maven-resolver-transport-file-1.9.16.jar
2024-07-19 07:51:44,260 [Worker-13: Launching mavenrun-961121ce-45c3-49c3-a15e-844efcdcfdc8] INFO  o.eclipse.m2e.core.internal.Bundles - 	Entry: C:\Users\Bhagyashri\.p2\pool\plugins\org.eclipse.m2e.maven.runtime_3.9.500.20231113-2345\jars\maven-resolver-transport-http-1.9.16.jar
2024-07-19 07:51:44,260 [Worker-13: Launching mavenrun-961121ce-45c3-49c3-a15e-844efcdcfdc8] INFO  o.eclipse.m2e.core.internal.Bundles - 	Entry: C:\Users\Bhagyashri\.p2\pool\plugins\org.eclipse.m2e.maven.runtime_3.9.500.20231113-2345\jars\maven-resolver-transport-wagon-1.9.16.jar
2024-07-19 07:51:44,260 [Worker-13: Launching mavenrun-961121ce-45c3-49c3-a15e-844efcdcfdc8] INFO  o.eclipse.m2e.core.internal.Bundles - 	Entry: C:\Users\Bhagyashri\.p2\pool\plugins\org.eclipse.m2e.maven.runtime_3.9.500.20231113-2345\jars\maven-resolver-util-1.9.16.jar
2024-07-19 07:51:44,260 [Worker-13: Launching mavenrun-961121ce-45c3-49c3-a15e-844efcdcfdc8] INFO  o.eclipse.m2e.core.internal.Bundles - 	Entry: C:\Users\Bhagyashri\.p2\pool\plugins\org.eclipse.m2e.maven.runtime_3.9.500.20231113-2345\jars\maven-settings-3.9.5.jar
2024-07-19 07:51:44,260 [Worker-13: Launching mavenrun-961121ce-45c3-49c3-a15e-844efcdcfdc8] INFO  o.eclipse.m2e.core.internal.Bundles - 	Entry: C:\Users\Bhagyashri\.p2\pool\plugins\org.eclipse.m2e.maven.runtime_3.9.500.20231113-2345\jars\maven-settings-builder-3.9.5.jar
2024-07-19 07:51:44,260 [Worker-13: Launching mavenrun-961121ce-45c3-49c3-a15e-844efcdcfdc8] INFO  o.eclipse.m2e.core.internal.Bundles - 	Entry: C:\Users\Bhagyashri\.p2\pool\plugins\org.eclipse.m2e.maven.runtime_3.9.500.20231113-2345\jars\maven-shared-utils-3.3.4.jar
2024-07-19 07:51:44,261 [Worker-13: Launching mavenrun-961121ce-45c3-49c3-a15e-844efcdcfdc8] INFO  o.eclipse.m2e.core.internal.Bundles - 	Entry: C:\Users\Bhagyashri\.p2\pool\plugins\org.eclipse.m2e.maven.runtime_3.9.500.20231113-2345\jars\org.eclipse.sisu.inject-0.3.5.jar
2024-07-19 07:51:44,261 [Worker-13: Launching mavenrun-961121ce-45c3-49c3-a15e-844efcdcfdc8] INFO  o.eclipse.m2e.core.internal.Bundles - 	Entry: C:\Users\Bhagyashri\.p2\pool\plugins\org.eclipse.m2e.maven.runtime_3.9.500.20231113-2345\jars\org.eclipse.sisu.plexus-0.3.5.jar
2024-07-19 07:51:44,261 [Worker-13: Launching mavenrun-961121ce-45c3-49c3-a15e-844efcdcfdc8] INFO  o.eclipse.m2e.core.internal.Bundles - 	Entry: C:\Users\Bhagyashri\.p2\pool\plugins\org.eclipse.m2e.maven.runtime_3.9.500.20231113-2345\jars\plexus-build-api-0.0.7.jar
2024-07-19 07:51:44,261 [Worker-13: Launching mavenrun-961121ce-45c3-49c3-a15e-844efcdcfdc8] INFO  o.eclipse.m2e.core.internal.Bundles - 	Entry: C:\Users\Bhagyashri\.p2\pool\plugins\org.eclipse.m2e.maven.runtime_3.9.500.20231113-2345\jars\plexus-cipher-2.0.jar
2024-07-19 07:51:44,261 [Worker-13: Launching mavenrun-961121ce-45c3-49c3-a15e-844efcdcfdc8] INFO  o.eclipse.m2e.core.internal.Bundles - 	Entry: C:\Users\Bhagyashri\.p2\pool\plugins\org.eclipse.m2e.maven.runtime_3.9.500.20231113-2345\jars\plexus-classworlds-2.7.0.jar
2024-07-19 07:51:44,261 [Worker-13: Launching mavenrun-961121ce-45c3-49c3-a15e-844efcdcfdc8] INFO  o.eclipse.m2e.core.internal.Bundles - 	Entry: C:\Users\Bhagyashri\.p2\pool\plugins\org.eclipse.m2e.maven.runtime_3.9.500.20231113-2345\jars\plexus-component-annotations-2.1.0.jar
2024-07-19 07:51:44,261 [Worker-13: Launching mavenrun-961121ce-45c3-49c3-a15e-844efcdcfdc8] INFO  o.eclipse.m2e.core.internal.Bundles - 	Entry: C:\Users\Bhagyashri\.p2\pool\plugins\org.eclipse.m2e.maven.runtime_3.9.500.20231113-2345\jars\plexus-interpolation-1.26.jar
2024-07-19 07:51:44,261 [Worker-13: Launching mavenrun-961121ce-45c3-49c3-a15e-844efcdcfdc8] INFO  o.eclipse.m2e.core.internal.Bundles - 	Entry: C:\Users\Bhagyashri\.p2\pool\plugins\org.eclipse.m2e.maven.runtime_3.9.500.20231113-2345\jars\plexus-sec-dispatcher-2.0.jar
2024-07-19 07:51:44,261 [Worker-13: Launching mavenrun-961121ce-45c3-49c3-a15e-844efcdcfdc8] INFO  o.eclipse.m2e.core.internal.Bundles - 	Entry: C:\Users\Bhagyashri\.p2\pool\plugins\org.eclipse.m2e.maven.runtime_3.9.500.20231113-2345\jars\plexus-utils-3.5.1.jar
2024-07-19 07:51:44,262 [Worker-13: Launching mavenrun-961121ce-45c3-49c3-a15e-844efcdcfdc8] INFO  o.eclipse.m2e.core.internal.Bundles - 	Entry: C:\Users\Bhagyashri\.p2\pool\plugins\org.eclipse.m2e.maven.runtime_3.9.500.20231113-2345\jars\wagon-file-3.5.3.jar
2024-07-19 07:51:44,262 [Worker-13: Launching mavenrun-961121ce-45c3-49c3-a15e-844efcdcfdc8] INFO  o.eclipse.m2e.core.internal.Bundles - 	Entry: C:\Users\Bhagyashri\.p2\pool\plugins\org.eclipse.m2e.maven.runtime_3.9.500.20231113-2345\jars\wagon-http-3.5.3.jar
2024-07-19 07:51:44,262 [Worker-13: Launching mavenrun-961121ce-45c3-49c3-a15e-844efcdcfdc8] INFO  o.eclipse.m2e.core.internal.Bundles - 	Entry: C:\Users\Bhagyashri\.p2\pool\plugins\org.eclipse.m2e.maven.runtime_3.9.500.20231113-2345\jars\wagon-http-shared-3.5.3.jar
2024-07-19 07:51:44,262 [Worker-13: Launching mavenrun-961121ce-45c3-49c3-a15e-844efcdcfdc8] INFO  o.eclipse.m2e.core.internal.Bundles - 	Entry: C:\Users\Bhagyashri\.p2\pool\plugins\org.eclipse.m2e.maven.runtime_3.9.500.20231113-2345\jars\wagon-provider-api-3.5.3.jar
2024-07-19 07:51:44,264 [Worker-13: Launching mavenrun-961121ce-45c3-49c3-a15e-844efcdcfdc8] INFO  o.eclipse.m2e.core.internal.Bundles - getClasspathEntries(Bundle=com.google.guava_33.0.0.jre [522])
2024-07-19 07:51:44,265 [Worker-13: Launching mavenrun-961121ce-45c3-49c3-a15e-844efcdcfdc8] INFO  o.eclipse.m2e.core.internal.Bundles - 	Entry: C:\Users\Bhagyashri\.p2\pool\plugins\com.google.guava_33.0.0.jre.jar
2024-07-19 07:51:44,265 [Worker-13: Launching mavenrun-961121ce-45c3-49c3-a15e-844efcdcfdc8] INFO  o.eclipse.m2e.core.internal.Bundles - getClasspathEntries(Bundle=slf4j.api_2.0.13 [716])
2024-07-19 07:51:44,265 [Worker-13: Launching mavenrun-961121ce-45c3-49c3-a15e-844efcdcfdc8] INFO  o.eclipse.m2e.core.internal.Bundles - 	Entry: C:\Users\Bhagyashri\.p2\pool\plugins\slf4j.api_2.0.13.jar
2024-07-19 07:51:44,265 [Worker-13: Launching mavenrun-961121ce-45c3-49c3-a15e-844efcdcfdc8] INFO  o.eclipse.m2e.core.internal.Bundles - getClasspathEntries(Bundle=jakarta.inject.jakarta.inject-api_1.0.5 [22])
2024-07-19 07:51:44,265 [Worker-13: Launching mavenrun-961121ce-45c3-49c3-a15e-844efcdcfdc8] INFO  o.eclipse.m2e.core.internal.Bundles - 	Entry: C:\Users\Bhagyashri\.p2\pool\plugins\jakarta.inject.jakarta.inject-api_1.0.5.jar
2024-07-19 07:51:44,265 [Worker-13: Launching mavenrun-961121ce-45c3-49c3-a15e-844efcdcfdc8] INFO  o.eclipse.m2e.core.internal.Bundles - getClasspathEntries(Bundle=jakarta.annotation-api_1.3.5 [20])
2024-07-19 07:51:44,266 [Worker-13: Launching mavenrun-961121ce-45c3-49c3-a15e-844efcdcfdc8] INFO  o.eclipse.m2e.core.internal.Bundles - 	Entry: C:\Users\Bhagyashri\.p2\pool\plugins\jakarta.annotation-api_1.3.5.jar
2024-07-19 07:51:44,266 [Worker-13: Launching mavenrun-961121ce-45c3-49c3-a15e-844efcdcfdc8] INFO  o.eclipse.m2e.core.internal.Bundles - getClasspathEntries(Bundle=org.apache.commons.cli_1.6.0 [46])
2024-07-19 07:51:44,266 [Worker-13: Launching mavenrun-961121ce-45c3-49c3-a15e-844efcdcfdc8] INFO  o.eclipse.m2e.core.internal.Bundles - 	Entry: C:\Users\Bhagyashri\.p2\pool\plugins\org.apache.commons.cli_1.6.0.jar
2024-07-19 07:51:44,266 [Worker-13: Launching mavenrun-961121ce-45c3-49c3-a15e-844efcdcfdc8] INFO  o.eclipse.m2e.core.internal.Bundles - getClasspathEntries(Bundle=org.apache.commons.commons-codec_1.16.0 [48])
2024-07-19 07:51:44,266 [Worker-13: Launching mavenrun-961121ce-45c3-49c3-a15e-844efcdcfdc8] INFO  o.eclipse.m2e.core.internal.Bundles - 	Entry: C:\Users\Bhagyashri\.p2\pool\plugins\org.apache.commons.commons-codec_1.16.0.jar
2024-07-19 07:51:44,266 [Worker-13: Launching mavenrun-961121ce-45c3-49c3-a15e-844efcdcfdc8] INFO  o.eclipse.m2e.core.internal.Bundles - getClasspathEntries(Bundle=org.apache.commons.lang3_3.14.0 [538])
2024-07-19 07:51:44,266 [Worker-13: Launching mavenrun-961121ce-45c3-49c3-a15e-844efcdcfdc8] INFO  o.eclipse.m2e.core.internal.Bundles - 	Entry: C:\Users\Bhagyashri\.p2\pool\plugins\org.apache.commons.lang3_3.14.0.jar
2024-07-19 07:51:44,266 [Worker-13: Launching mavenrun-961121ce-45c3-49c3-a15e-844efcdcfdc8] INFO  o.eclipse.m2e.core.internal.Bundles - getClasspathEntries(Bundle=com.google.guava.failureaccess_1.0.2 [11])
2024-07-19 07:51:44,267 [Worker-13: Launching mavenrun-961121ce-45c3-49c3-a15e-844efcdcfdc8] INFO  o.eclipse.m2e.core.internal.Bundles - 	Entry: C:\Users\Bhagyashri\.p2\pool\plugins\com.google.guava.failureaccess_1.0.2.jar
2024-07-19 07:51:44,274 [Worker-13: Launching mavenrun-961121ce-45c3-49c3-a15e-844efcdcfdc8] INFO  o.e.m.i.launch.MavenLaunchDelegate - Run build in "C:\Users\BHAGYA~1\AppData\Local\Temp\m2e-archetypeGenerator12453926765918392860":
2024-07-19 07:51:44,278 [Worker-13: Launching mavenrun-961121ce-45c3-49c3-a15e-844efcdcfdc8] INFO  o.e.m.i.launch.MavenLaunchDelegate -  mvn  -DarchetypeGroupId=org.apache.maven.archetypes -DarchetypeArtifactId=maven-archetype-quickstart -DarchetypeVersion=1.1 -DgroupId=com.CogmentoCRM -DartifactId=CogmentoCRM -Dversion=0.0.1-SNAPSHOT -Dpackage=com.CogmentoCRM.CogmentoCRM -DoutputDirectory=C:\Users\Bhagyashri\GitHubCogmentoCRM_TEAM_LEADER -Dstyle.color=always -U archetype:generate
2024-07-19 07:51:52,381 [Worker-19: Creating maven-archetype-quickstart] INFO  o.e.m.c.i.p.ProjectConfigurationManager - Collecting project info '/pom.xml' C:\Users\Bhagyashri\GitHubCogmentoCRM_TEAM_LEADER\CogmentoCRM\pom.xml
2024-07-19 07:51:52,763 [Worker-19: Creating maven-archetype-quickstart] INFO  o.e.m.c.i.l.LifecycleMappingFactory - Using org.eclipse.m2e.jdt.JarLifecycleMapping lifecycle mapping for MavenProject: com.CogmentoCRM:CogmentoCRM:0.0.1-SNAPSHOT @ C:\Users\Bhagyashri\GitHubCogmentoCRM_TEAM_LEADER\CogmentoCRM\pom.xml.
2024-07-19 07:51:53,170 [Worker-19: Creating maven-archetype-quickstart] INFO  o.e.m.j.i.AbstractJavaProjectConfigurator - Adding source folder /CogmentoCRM/src/main/java
2024-07-19 07:51:53,170 [Worker-19: Creating maven-archetype-quickstart] INFO  o.e.m.j.i.AbstractJavaProjectConfigurator - Adding resource folder /CogmentoCRM/src/main/resources
2024-07-19 07:51:53,174 [Worker-19: Creating maven-archetype-quickstart] INFO  o.e.m.j.i.AbstractJavaProjectConfigurator - Adding source folder /CogmentoCRM/src/test/java
2024-07-19 07:51:53,174 [Worker-19: Creating maven-archetype-quickstart] INFO  o.e.m.j.i.AbstractJavaProjectConfigurator - Adding resource folder /CogmentoCRM/src/test/resources
2024-07-19 07:51:53,251 [Worker-19: Creating maven-archetype-quickstart] INFO  o.e.m.c.i.p.ProjectConfigurationManager - Imported and configured 1 project(s) in 0 sec
2024-07-19 07:51:55,585 [Worker-6: Building] INFO  o.a.m.s.f.DefaultMavenResourcesFiltering - skip non existing resourceDirectory C:\Users\Bhagyashri\GitHubCogmentoCRM_TEAM_LEADER\CogmentoCRM\src\main\resources
2024-07-19 07:51:55,595 [Worker-6: Building] INFO  o.a.m.s.f.DefaultMavenResourcesFiltering - skip non existing resourceDirectory C:\Users\Bhagyashri\GitHubCogmentoCRM_TEAM_LEADER\CogmentoCRM\src\test\resources
2024-07-19 07:52:04,908 [Worker-19: Building] INFO  o.a.m.s.f.DefaultMavenResourcesFiltering - skip non existing resourceDirectory C:\Users\Bhagyashri\GitHubCogmentoCRM_TEAM_LEADER\CogmentoCRM\src\main\resources
2024-07-19 07:52:04,910 [Worker-19: Building] INFO  o.a.m.s.f.DefaultMavenResourcesFiltering - skip non existing resourceDirectory C:\Users\Bhagyashri\GitHubCogmentoCRM_TEAM_LEADER\CogmentoCRM\src\test\resources
2024-07-19 07:52:11,970 [Worker-12: Building] INFO  o.a.m.s.f.DefaultMavenResourcesFiltering - skip non existing resourceDirectory C:\Users\Bhagyashri\GitHubCogmentoCRM_TEAM_LEADER\CogmentoCRM\src\main\resources
2024-07-19 07:52:11,971 [Worker-12: Building] INFO  o.a.m.s.f.DefaultMavenResourcesFiltering - skip non existing resourceDirectory C:\Users\Bhagyashri\GitHubCogmentoCRM_TEAM_LEADER\CogmentoCRM\src\test\resources
2024-07-19 07:52:54,981 [Worker-36: Building] INFO  o.a.m.s.f.DefaultMavenResourcesFiltering - Copying 0 resource from src\main\resources to target\classes
2024-07-19 07:52:54,985 [Worker-36: Building] INFO  o.a.m.s.f.DefaultMavenResourcesFiltering - Copying 0 resource from src\test\resources to target\test-classes
2024-07-19 07:53:26,705 [Worker-31: Building] INFO  o.a.m.s.f.DefaultMavenResourcesFiltering - Copying 0 resource from src\main\resources to target\classes
2024-07-19 07:53:26,708 [Worker-31: Building] INFO  o.a.m.s.f.DefaultMavenResourcesFiltering - Copying 0 resource from src\test\resources to target\test-classes
2024-07-19 07:54:46,956 [Worker-26: Building] INFO  o.a.m.s.f.DefaultMavenResourcesFiltering - Copying 0 resource from src\main\resources to target\classes
2024-07-19 07:54:46,959 [Worker-26: Building] INFO  o.a.m.s.f.DefaultMavenResourcesFiltering - Copying 0 resource from src\test\resources to target\test-classes
2024-07-19 07:54:59,484 [Worker-32: Building] INFO  o.a.m.s.f.DefaultMavenResourcesFiltering - Copying 0 resource from src\main\resources to target\classes
2024-07-19 07:54:59,486 [Worker-32: Building] INFO  o.a.m.s.f.DefaultMavenResourcesFiltering - Copying 0 resource from src\test\resources to target\test-classes
2024-07-19 07:55:12,173 [Worker-32: Building] INFO  o.a.m.s.f.DefaultMavenResourcesFiltering - Copying 0 resource from src\main\resources to target\classes
2024-07-19 07:55:12,177 [Worker-32: Building] INFO  o.a.m.s.f.DefaultMavenResourcesFiltering - Copying 0 resource from src\test\resources to target\test-classes
2024-07-19 07:55:30,810 [Worker-39: Building] INFO  o.a.m.s.f.DefaultMavenResourcesFiltering - Copying 0 resource from src\main\resources to target\classes
2024-07-19 07:55:30,812 [Worker-39: Building] INFO  o.a.m.s.f.DefaultMavenResourcesFiltering - Copying 0 resource from src\test\resources to target\test-classes
2024-07-19 07:56:17,610 [Worker-19: Building] INFO  o.a.m.s.f.DefaultMavenResourcesFiltering - Copying 0 resource from src\main\resources to target\classes
2024-07-19 07:56:17,612 [Worker-19: Building] INFO  o.a.m.s.f.DefaultMavenResourcesFiltering - Copying 0 resource from src\test\resources to target\test-classes
2024-07-19 07:56:32,386 [Worker-39: Building] INFO  o.a.m.s.f.DefaultMavenResourcesFiltering - Copying 0 resource from src\main\resources to target\classes
2024-07-19 07:56:32,388 [Worker-39: Building] INFO  o.a.m.s.f.DefaultMavenResourcesFiltering - Copying 0 resource from src\test\resources to target\test-classes
2024-07-19 07:56:48,889 [Worker-37: Building] INFO  o.a.m.s.f.DefaultMavenResourcesFiltering - Copying 0 resource from src\main\resources to target\classes
2024-07-19 07:56:48,891 [Worker-37: Building] INFO  o.a.m.s.f.DefaultMavenResourcesFiltering - Copying 0 resource from src\test\resources to target\test-classes
2024-07-19 07:57:13,648 [Worker-23: Building] INFO  o.a.m.s.f.DefaultMavenResourcesFiltering - Copying 0 resource from src\main\resources to target\classes
2024-07-19 07:57:13,650 [Worker-23: Building] INFO  o.a.m.s.f.DefaultMavenResourcesFiltering - Copying 0 resource from src\test\resources to target\test-classes
2024-07-19 07:58:11,450 [Worker-39: Building] INFO  o.a.m.s.f.DefaultMavenResourcesFiltering - Copying 0 resource from src\main\resources to target\classes
2024-07-19 07:58:11,453 [Worker-39: Building] INFO  o.a.m.s.f.DefaultMavenResourcesFiltering - Copying 0 resource from src\test\resources to target\test-classes
2024-07-19 08:07:23,829 [Worker-17: Building] INFO  o.a.m.s.f.DefaultMavenResourcesFiltering - Copying 0 resource from src\main\resources to target\classes
2024-07-19 08:07:23,831 [Worker-17: Building] INFO  o.a.m.s.f.DefaultMavenResourcesFiltering - Copying 0 resource from src\test\resources to target\test-classes
2024-07-19 08:37:07,719 [Worker-41: Building] INFO  o.e.m.c.i.l.LifecycleMappingFactory - Using org.eclipse.m2e.jdt.JarLifecycleMapping lifecycle mapping for MavenProject: com.CogmentoCRM:CogmentoCRM:0.0.1-SNAPSHOT @ C:\Users\Bhagyashri\GitHubCogmentoCRM_TEAM_LEADER\CogmentoCRM\pom.xml.
2024-07-19 08:37:07,920 [Worker-41: Building] INFO  o.e.m.c.i.e.AbstractTransferListenerAdapter - Downloading https://repo.maven.apache.org/maven2/io/cucumber/messages/maven-metadata.xml
2024-07-19 08:37:07,933 [Worker-41: Building] INFO  o.e.m.c.i.e.AbstractTransferListenerAdapter - Downloaded https://repo.maven.apache.org/maven2/io/cucumber/messages/maven-metadata.xml
2024-07-19 08:37:08,413 [Worker-41: Building] INFO  o.a.m.s.f.DefaultMavenResourcesFiltering - Copying 0 resource from src\main\resources to target\classes
2024-07-19 08:37:08,418 [Worker-41: Building] INFO  o.a.m.s.f.DefaultMavenResourcesFiltering - Copying 0 resource from src\test\resources to target\test-classes
2024-07-19 08:39:26,637 [Worker-41: Building] INFO  o.a.m.s.f.DefaultMavenResourcesFiltering - Copying 0 resource from src\main\resources to target\classes
2024-07-19 08:39:26,639 [Worker-41: Building] INFO  o.a.m.s.f.DefaultMavenResourcesFiltering - Copying 0 resource from src\test\resources to target\test-classes
2024-07-19 08:40:25,325 [Start Help Server] INFO  org.eclipse.jetty.server.Server - jetty-12.0.6; built: 2024-01-30T02:43:24.387Z; git: 78ab6e6ba163f89cdd97f2ae0283fbb5e371cfaf; jvm 21.0.2+13-LTS-58
2024-07-19 08:40:25,453 [Start Help Server] INFO  o.e.j.server.handler.ContextHandler - Started oeje8n.ContextHandler$CoreContextHandler@4fbfbfef{/help,/help,b=null,a=AVAILABLE,h=oeje8n.ContextHandler$CoreContextHandler$CoreToNestedHandler@7ffa5cfb{STARTED}}
2024-07-19 08:40:25,454 [Start Help Server] INFO  o.e.j.s.DefaultSessionIdManager - Session workerName=node0
2024-07-19 08:40:25,498 [Start Help Server] INFO  o.e.jetty.server.AbstractConnector - Started ServerConnector@62a7c64f{HTTP/1.1, (http/1.1)}{127.0.0.1:57699}
2024-07-19 08:40:25,506 [Start Help Server] INFO  org.eclipse.jetty.server.Server - Started oejs.Server@404bfb6e{STARTING}[12.0.6,sto=0] @3000800ms
2024-07-19 08:43:58,836 [Worker-20: Building] INFO  o.a.m.s.f.DefaultMavenResourcesFiltering - Copying 0 resource from src\main\resources to target\classes
2024-07-19 08:43:58,838 [Worker-20: Building] INFO  o.a.m.s.f.DefaultMavenResourcesFiltering - Copying 0 resource from src\test\resources to target\test-classes
2024-07-19 08:50:29,764 [Worker-20: Building] INFO  o.a.m.s.f.DefaultMavenResourcesFiltering - Copying 0 resource from src\main\resources to target\classes
2024-07-19 08:50:29,767 [Worker-20: Building] INFO  o.a.m.s.f.DefaultMavenResourcesFiltering - Copying 0 resource from src\test\resources to target\test-classes
2024-07-19 09:20:10,721 [Worker-11: Building] INFO  o.a.m.s.f.DefaultMavenResourcesFiltering - Copying 0 resource from src\main\resources to target\classes
2024-07-19 09:20:10,723 [Worker-11: Building] INFO  o.a.m.s.f.DefaultMavenResourcesFiltering - Copying 0 resource from src\test\resources to target\test-classes
2024-07-19 09:22:51,219 [Worker-20: Building] INFO  o.a.m.s.f.DefaultMavenResourcesFiltering - Copying 0 resource from src\main\resources to target\classes
2024-07-19 09:22:51,220 [Worker-20: Building] INFO  o.a.m.s.f.DefaultMavenResourcesFiltering - Copying 0 resource from src\test\resources to target\test-classes
2024-07-19 09:24:23,314 [Worker-43: Building] INFO  o.a.m.s.f.DefaultMavenResourcesFiltering - Copying 0 resource from src\main\resources to target\classes
2024-07-19 09:24:23,318 [Worker-43: Building] INFO  o.a.m.s.f.DefaultMavenResourcesFiltering - Copying 0 resource from src\test\resources to target\test-classes
2024-07-19 09:25:46,942 [Worker-43: Building] INFO  o.a.m.s.f.DefaultMavenResourcesFiltering - Copying 0 resource from src\main\resources to target\classes
2024-07-19 09:25:46,944 [Worker-43: Building] INFO  o.a.m.s.f.DefaultMavenResourcesFiltering - Copying 0 resource from src\test\resources to target\test-classes
2024-07-19 09:31:08,929 [Worker-11: Building] INFO  o.a.m.s.f.DefaultMavenResourcesFiltering - Copying 0 resource from src\main\resources to target\classes
2024-07-19 09:31:08,931 [Worker-11: Building] INFO  o.a.m.s.f.DefaultMavenResourcesFiltering - Copying 0 resource from src\test\resources to target\test-classes
2024-07-19 09:31:19,057 [Worker-11: Building] INFO  o.a.m.s.f.DefaultMavenResourcesFiltering - Copying 0 resource from src\main\resources to target\classes
2024-07-19 09:31:19,059 [Worker-11: Building] INFO  o.a.m.s.f.DefaultMavenResourcesFiltering - Copying 0 resource from src\test\resources to target\test-classes
2024-07-19 09:33:31,381 [Worker-20: Building] INFO  o.a.m.s.f.DefaultMavenResourcesFiltering - Copying 0 resource from src\main\resources to target\classes
2024-07-19 09:33:31,383 [Worker-20: Building] INFO  o.a.m.s.f.DefaultMavenResourcesFiltering - Copying 0 resource from src\test\resources to target\test-classes
2024-07-19 09:33:38,373 [Worker-11: Building] INFO  o.a.m.s.f.DefaultMavenResourcesFiltering - Copying 0 resource from src\main\resources to target\classes
2024-07-19 09:33:38,374 [Worker-11: Building] INFO  o.a.m.s.f.DefaultMavenResourcesFiltering - Copying 0 resource from src\test\resources to target\test-classes
2024-07-19 09:41:56,394 [Worker-20: Building] INFO  o.a.m.s.f.DefaultMavenResourcesFiltering - Copying 0 resource from src\main\resources to target\classes
2024-07-19 09:41:56,397 [Worker-20: Building] INFO  o.a.m.s.f.DefaultMavenResourcesFiltering - Copying 0 resource from src\test\resources to target\test-classes
2024-07-19 09:47:54,685 [Worker-48: Building] INFO  o.a.m.s.f.DefaultMavenResourcesFiltering - Copying 0 resource from src\main\resources to target\classes
2024-07-19 09:47:54,687 [Worker-48: Building] INFO  o.a.m.s.f.DefaultMavenResourcesFiltering - Copying 0 resource from src\test\resources to target\test-classes
